<?xml version="1.0" encoding="UTF-8"?>
<testng-results skipped="0" failed="1" total="3" passed="2">
  <reporter-output>
  </reporter-output>
  <suite name="Suite" duration-ms="86495" started-at="2018-09-20T08:49:00Z" finished-at="2018-09-20T08:50:27Z">
    <groups>
    </groups>
    <test name="App testing" duration-ms="71" started-at="2018-09-20T08:49:00Z" finished-at="2018-09-20T08:49:00Z">
    </test> <!-- App testing -->
    <test name="Validating the Users and Login" duration-ms="69218" started-at="2018-09-20T08:49:00Z" finished-at="2018-09-20T08:50:10Z">
      <class name="automationFramework.HomePage">
        <test-method status="PASS" signature="launchBrowser()[pri:0, instance:automationFramework.HomePage@3c19aaa5]" name="launchBrowser" is-config="true" duration-ms="12357" started-at="2018-09-20T14:19:01Z" finished-at="2018-09-20T14:19:13Z">
          <reporter-output>
          </reporter-output>
        </test-method> <!-- launchBrowser -->
        <test-method status="PASS" signature="basePageNavigation(java.lang.String, java.lang.String, java.lang.String)[pri:0, instance:automationFramework.HomePage@3c19aaa5]" name="basePageNavigation" duration-ms="36956" started-at="2018-09-20T14:19:13Z" data-provider="getData" finished-at="2018-09-20T14:19:50Z">
          <params>
            <param index="0">
              <value>
                <![CDATA[addy@facebook.com]]>
              </value>
            </param>
            <param index="1">
              <value>
                <![CDATA[0passw0rd]]>
              </value>
            </param>
            <param index="2">
              <value>
                <![CDATA[Non-Restricted User]]>
              </value>
            </param>
          </params>
          <reporter-output>
          </reporter-output>
        </test-method> <!-- basePageNavigation -->
        <test-method status="PASS" signature="basePageNavigation(java.lang.String, java.lang.String, java.lang.String)[pri:0, instance:automationFramework.HomePage@3c19aaa5]" name="basePageNavigation" duration-ms="15518" started-at="2018-09-20T14:19:50Z" data-provider="getData" finished-at="2018-09-20T14:20:05Z">
          <params>
            <param index="0">
              <value>
                <![CDATA[abcd@orkut.com]]>
              </value>
            </param>
            <param index="1">
              <value>
                <![CDATA[1passw0rd]]>
              </value>
            </param>
            <param index="2">
              <value>
                <![CDATA[Restricted User]]>
              </value>
            </param>
          </params>
          <reporter-output>
          </reporter-output>
        </test-method> <!-- basePageNavigation -->
        <test-method status="PASS" signature="closeBrowser()[pri:0, instance:automationFramework.HomePage@3c19aaa5]" name="closeBrowser" is-config="true" duration-ms="4270" started-at="2018-09-20T14:20:05Z" finished-at="2018-09-20T14:20:10Z">
          <reporter-output>
          </reporter-output>
        </test-method> <!-- closeBrowser -->
      </class> <!-- automationFramework.HomePage -->
    </test> <!-- Validating the Users and Login -->
    <test name="Validating the Navigation Bar and Title" duration-ms="17034" started-at="2018-09-20T08:50:10Z" finished-at="2018-09-20T08:50:27Z">
      <class name="automationFramework.TitlePage">
        <test-method status="PASS" signature="launchBrowser()[pri:0, instance:automationFramework.TitlePage@6302bbb1]" name="launchBrowser" is-config="true" duration-ms="15139" started-at="2018-09-20T14:20:10Z" finished-at="2018-09-20T14:20:25Z">
          <reporter-output>
          </reporter-output>
        </test-method> <!-- launchBrowser -->
        <test-method status="FAIL" signature="basePageNavigation()[pri:0, instance:automationFramework.TitlePage@6302bbb1]" name="basePageNavigation" duration-ms="133" started-at="2018-09-20T14:20:25Z" finished-at="2018-09-20T14:20:25Z">
          <exception class="java.lang.AssertionError">
            <message>
              <![CDATA[expected [FEATURED COURSEs] but found [FEATURED COURSES]]]>
            </message>
            <full-stacktrace>
              <![CDATA[java.lang.AssertionError: expected [FEATURED COURSEs] but found [FEATURED COURSES]
	at org.testng.Assert.fail(Assert.java:94)
	at org.testng.Assert.failNotEquals(Assert.java:494)
	at org.testng.Assert.assertEquals(Assert.java:123)
	at org.testng.Assert.assertEquals(Assert.java:176)
	at org.testng.Assert.assertEquals(Assert.java:186)
	at automationFramework.TitlePage.basePageNavigation(TitlePage.java:37)
	at sun.reflect.NativeMethodAccessorImpl.invoke0(Native Method)
	at sun.reflect.NativeMethodAccessorImpl.invoke(Unknown Source)
	at sun.reflect.DelegatingMethodAccessorImpl.invoke(Unknown Source)
	at java.lang.reflect.Method.invoke(Unknown Source)
	at org.testng.internal.MethodInvocationHelper.invokeMethod(MethodInvocationHelper.java:80)
	at org.testng.internal.Invoker.invokeMethod(Invoker.java:714)
	at org.testng.internal.Invoker.invokeTestMethod(Invoker.java:901)
	at org.testng.internal.Invoker.invokeTestMethods(Invoker.java:1231)
	at org.testng.internal.TestMethodWorker.invokeTestMethods(TestMethodWorker.java:127)
	at org.testng.internal.TestMethodWorker.run(TestMethodWorker.java:111)
	at org.testng.TestRunner.privateRun(TestRunner.java:767)
	at org.testng.TestRunner.run(TestRunner.java:617)
	at org.testng.SuiteRunner.runTest(SuiteRunner.java:334)
	at org.testng.SuiteRunner.runSequentially(SuiteRunner.java:329)
	at org.testng.SuiteRunner.privateRun(SuiteRunner.java:291)
	at org.testng.SuiteRunner.run(SuiteRunner.java:240)
	at org.testng.SuiteRunnerWorker.runSuite(SuiteRunnerWorker.java:52)
	at org.testng.SuiteRunnerWorker.run(SuiteRunnerWorker.java:86)
	at org.testng.TestNG.runSuitesSequentially(TestNG.java:1198)
	at org.testng.TestNG.runSuitesLocally(TestNG.java:1123)
	at org.testng.TestNG.run(TestNG.java:1031)
	at org.testng.remote.AbstractRemoteTestNG.run(AbstractRemoteTestNG.java:132)
	at org.testng.remote.RemoteTestNG.initAndRun(RemoteTestNG.java:236)
	at org.testng.remote.RemoteTestNG.main(RemoteTestNG.java:81)
]]>
            </full-stacktrace>
          </exception> <!-- java.lang.AssertionError -->
          <reporter-output>
          </reporter-output>
        </test-method> <!-- basePageNavigation -->
        <test-method status="PASS" signature="closeBrowser()[pri:0, instance:automationFramework.TitlePage@6302bbb1]" name="closeBrowser" is-config="true" duration-ms="559" started-at="2018-09-20T14:20:26Z" finished-at="2018-09-20T14:20:27Z">
          <reporter-output>
          </reporter-output>
        </test-method> <!-- closeBrowser -->
      </class> <!-- automationFramework.TitlePage -->
    </test> <!-- Validating the Navigation Bar and Title -->
  </suite> <!-- Suite -->
</testng-results>
